<?xml version="1.0" encoding="UTF-8"?>
<!-- Generated by org.testng.reporters.JUnitReportReporter -->
<testsuite hostname="DESKTOP-7VPEI16" failures="0" tests="1" name="tests.TestCase1_RegisterUser" time="32.338" errors="0" timestamp="2025-05-13T12:06:48 AST" skipped="0">
  <testcase classname="tests.TestCase1_RegisterUser" name="testRegisterAndDeleteUser" time="32.338"/>
</testsuite> <!-- tests.TestCase1_RegisterUser -->
