<?xml version="1.0" encoding="UTF-8"?>
<!-- Generated by org.testng.reporters.JUnitReportReporter -->
<testsuite hostname="DESKTOP-7VPEI16" failures="0" tests="1" name="tests.TestCase6_ContactUsForm" time="7.085" errors="0" timestamp="2025-05-13T12:06:48 AST" skipped="0">
  <testcase classname="tests.TestCase6_ContactUsForm" name="testSendContactForm" time="7.085"/>
</testsuite> <!-- tests.TestCase6_ContactUsForm -->
